INFO 2023-09-04 12:25:39,130 - Start main
INFO 2023-09-04 12:25:39,131 - Start prop filtering
INFO 2023-09-04 12:25:39,131 - Start mapped key
INFO 2023-09-04 12:25:39,133 - Start not empty keys
INFO 2023-09-04 12:25:39,133 - Query for key :['haschild', 'wasbornondate'], sparql : select distinct (count(?e) as ?c) where { bind(<http://simGen/actor/haschild> as ?p1). bind(<http://simGen/actor/wasbornondate> as ?p2). ?e ?p1 ?v1. ?e ?p2 ?v2.  } limit 100000
INFO 2023-09-04 12:25:39,228 - Query for key :['wasbornondate', 'ismarriedto-inv'], sparql : select distinct (count(?e) as ?c) where { bind(<http://simGen/actor/wasbornondate> as ?p1). bind(<http://simGen/actor/ismarriedto-inv> as ?p2). ?e ?p1 ?v1. ?e ?p2 ?v2.  } limit 100000
INFO 2023-09-04 12:25:39,243 - Query for key :['wasbornondate', 'directed'], sparql : select distinct (count(?e) as ?c) where { bind(<http://simGen/actor/wasbornondate> as ?p1). bind(<http://simGen/actor/directed> as ?p2). ?e ?p1 ?v1. ?e ?p2 ?v2.  } limit 100000
INFO 2023-09-04 12:25:39,289 - Query for key :['diedondate', 'directed'], sparql : select distinct (count(?e) as ?c) where { bind(<http://simGen/actor/diedondate> as ?p1). bind(<http://simGen/actor/directed> as ?p2). ?e ?p1 ?v1. ?e ?p2 ?v2.  } limit 100000
INFO 2023-09-04 12:25:39,326 - Query for key :['haschild', 'directed'], sparql : select distinct (count(?e) as ?c) where { bind(<http://simGen/actor/haschild> as ?p1). bind(<http://simGen/actor/directed> as ?p2). ?e ?p1 ?v1. ?e ?p2 ?v2.  } limit 100000
INFO 2023-09-04 12:25:39,354 - Query for key :['ismarriedto', 'influences'], sparql : select distinct (count(?e) as ?c) where { bind(<http://simGen/actor/ismarriedto> as ?p1). bind(<http://simGen/actor/influences> as ?p2). ?e ?p1 ?v1. ?e ?p2 ?v2.  } limit 100000
INFO 2023-09-04 12:25:39,363 - Query for key :['wasbornondate', 'influences'], sparql : select distinct (count(?e) as ?c) where { bind(<http://simGen/actor/wasbornondate> as ?p1). bind(<http://simGen/actor/influences> as ?p2). ?e ?p1 ?v1. ?e ?p2 ?v2.  } limit 100000
INFO 2023-09-04 12:25:39,374 - Query for key :['influences', 'ismarriedto-inv'], sparql : select distinct (count(?e) as ?c) where { bind(<http://simGen/actor/influences> as ?p1). bind(<http://simGen/actor/ismarriedto-inv> as ?p2). ?e ?p1 ?v1. ?e ?p2 ?v2.  } limit 100000
INFO 2023-09-04 12:25:39,386 - Query for key :['diedondate', 'skos:preflabel'], sparql : select distinct (count(?e) as ?c) where { bind(<http://simGen/actor/diedondate> as ?p1). bind(<http://www.w3.org/2004/02/skos/core#preflabel> as ?p2). ?e ?p1 ?v1. ?e ?p2 ?v2.  } limit 100000
INFO 2023-09-04 12:25:39,537 - Query for key :['diedondate', 'influences'], sparql : select distinct (count(?e) as ?c) where { bind(<http://simGen/actor/diedondate> as ?p1). bind(<http://simGen/actor/influences> as ?p2). ?e ?p1 ?v1. ?e ?p2 ?v2.  } limit 100000
INFO 2023-09-04 12:25:39,544 - Query for key :['diedondate', 'created'], sparql : select distinct (count(?e) as ?c) where { bind(<http://simGen/actor/diedondate> as ?p1). bind(<http://simGen/actor/created> as ?p2). ?e ?p1 ?v1. ?e ?p2 ?v2.  } limit 100000
INFO 2023-09-04 12:25:39,595 - Query for key :['haschild', 'ismarriedto-inv'], sparql : select distinct (count(?e) as ?c) where { bind(<http://simGen/actor/haschild> as ?p1). bind(<http://simGen/actor/ismarriedto-inv> as ?p2). ?e ?p1 ?v1. ?e ?p2 ?v2.  } limit 100000
INFO 2023-09-04 12:25:39,605 - Query for key :['wasbornonyear', 'created', 'diedin'], sparql : select distinct (count(?e) as ?c) where { bind(<http://simGen/actor/wasbornonyear> as ?p1). bind(<http://simGen/actor/created> as ?p2). bind(<http://simGen/actor/diedin> as ?p3). ?e ?p1 ?v1. ?e ?p2 ?v2. ?e ?p3 ?v3.  } limit 100000
INFO 2023-09-04 12:25:39,645 - Query for key :['diedondate', 'ismarriedto-inv'], sparql : select distinct (count(?e) as ?c) where { bind(<http://simGen/actor/diedondate> as ?p1). bind(<http://simGen/actor/ismarriedto-inv> as ?p2). ?e ?p1 ?v1. ?e ?p2 ?v2.  } limit 100000
INFO 2023-09-04 12:25:39,658 - Query for key :['directed', 'influences'], sparql : select distinct (count(?e) as ?c) where { bind(<http://simGen/actor/directed> as ?p1). bind(<http://simGen/actor/influences> as ?p2). ?e ?p1 ?v1. ?e ?p2 ?v2.  } limit 100000
INFO 2023-09-04 12:25:39,671 - Query for key :['influences', 'skos:preflabel'], sparql : select distinct (count(?e) as ?c) where { bind(<http://simGen/actor/influences> as ?p1). bind(<http://www.w3.org/2004/02/skos/core#preflabel> as ?p2). ?e ?p1 ?v1. ?e ?p2 ?v2.  } limit 100000
INFO 2023-09-04 12:25:39,827 - Query for key :['diedonyear', 'ismarriedto-inv'], sparql : select distinct (count(?e) as ?c) where { bind(<http://simGen/actor/diedonyear> as ?p1). bind(<http://simGen/actor/ismarriedto-inv> as ?p2). ?e ?p1 ?v1. ?e ?p2 ?v2.  } limit 100000
INFO 2023-09-04 12:25:39,842 - Query for key :['ismarriedto-inv', 'skos:preflabel'], sparql : select distinct (count(?e) as ?c) where { bind(<http://simGen/actor/ismarriedto-inv> as ?p1). bind(<http://www.w3.org/2004/02/skos/core#preflabel> as ?p2). ?e ?p1 ?v1. ?e ?p2 ?v2.  } limit 100000
INFO 2023-09-04 12:25:39,999 - Query for key :['iscitizenof', 'ismarriedto'], sparql : select distinct (count(?e) as ?c) where { bind(<http://simGen/actor/iscitizenof> as ?p1). bind(<http://simGen/actor/ismarriedto> as ?p2). ?e ?p1 ?v1. ?e ?p2 ?v2.  } limit 100000
INFO 2023-09-04 12:25:40,021 - Query for key :['wasbornondate', 'ismarriedto'], sparql : select distinct (count(?e) as ?c) where { bind(<http://simGen/actor/wasbornondate> as ?p1). bind(<http://simGen/actor/ismarriedto> as ?p2). ?e ?p1 ?v1. ?e ?p2 ?v2.  } limit 100000
INFO 2023-09-04 12:25:40,051 - Query for key :['haschild', 'influences'], sparql : select distinct (count(?e) as ?c) where { bind(<http://simGen/actor/haschild> as ?p1). bind(<http://simGen/actor/influences> as ?p2). ?e ?p1 ?v1. ?e ?p2 ?v2.  } limit 100000
INFO 2023-09-04 12:25:40,061 - Query for key :['diedin', 'skos:preflabel'], sparql : select distinct (count(?e) as ?c) where { bind(<http://simGen/actor/diedin> as ?p1). bind(<http://www.w3.org/2004/02/skos/core#preflabel> as ?p2). ?e ?p1 ?v1. ?e ?p2 ?v2.  } limit 100000
INFO 2023-09-04 12:25:40,220 - Query for key :['created', 'skos:preflabel'], sparql : select distinct (count(?e) as ?c) where { bind(<http://simGen/actor/created> as ?p1). bind(<http://www.w3.org/2004/02/skos/core#preflabel> as ?p2). ?e ?p1 ?v1. ?e ?p2 ?v2.  } limit 100000
INFO 2023-09-04 12:25:40,393 - Query for key :['iscitizenof', 'diedonyear', 'actedin'], sparql : select distinct (count(?e) as ?c) where { bind(<http://simGen/actor/iscitizenof> as ?p1). bind(<http://simGen/actor/diedonyear> as ?p2). bind(<http://simGen/actor/actedin> as ?p3). ?e ?p1 ?v1. ?e ?p2 ?v2. ?e ?p3 ?v3.  } limit 100000
INFO 2023-09-04 12:25:40,611 - Query for key :['diedondate', 'haschild'], sparql : select distinct (count(?e) as ?c) where { bind(<http://simGen/actor/diedondate> as ?p1). bind(<http://simGen/actor/haschild> as ?p2). ?e ?p1 ?v1. ?e ?p2 ?v2.  } limit 100000
INFO 2023-09-04 12:25:40,619 - Query for key :['haschild', 'skos:preflabel'], sparql : select distinct (count(?e) as ?c) where { bind(<http://simGen/actor/haschild> as ?p1). bind(<http://www.w3.org/2004/02/skos/core#preflabel> as ?p2). ?e ?p1 ?v1. ?e ?p2 ?v2.  } limit 100000
INFO 2023-09-04 12:25:40,760 - Query for key :['iscitizenof', 'ismarriedto-inv'], sparql : select distinct (count(?e) as ?c) where { bind(<http://simGen/actor/iscitizenof> as ?p1). bind(<http://simGen/actor/ismarriedto-inv> as ?p2). ?e ?p1 ?v1. ?e ?p2 ?v2.  } limit 100000
INFO 2023-09-04 12:25:40,770 - Query for key :['iscitizenof', 'wasbornin', 'wasbornonyear'], sparql : select distinct (count(?e) as ?c) where { bind(<http://simGen/actor/iscitizenof> as ?p1). bind(<http://simGen/actor/wasbornin> as ?p2). bind(<http://simGen/actor/wasbornonyear> as ?p3). ?e ?p1 ?v1. ?e ?p2 ?v2. ?e ?p3 ?v3.  } limit 100000
INFO 2023-09-04 12:25:40,924 - Query for key :['directed'], sparql : select distinct (count(?e) as ?c) where { bind(<http://simGen/actor/directed> as ?p1). ?e ?p1 ?v1.  } limit 100000
INFO 2023-09-04 12:25:40,939 - Query for key :['ismarriedto'], sparql : select distinct (count(?e) as ?c) where { bind(<http://simGen/actor/ismarriedto> as ?p1). ?e ?p1 ?v1.  } limit 100000
INFO 2023-09-04 12:25:40,954 - Query for key :['created'], sparql : select distinct (count(?e) as ?c) where { bind(<http://simGen/actor/created> as ?p1). ?e ?p1 ?v1.  } limit 100000
INFO 2023-09-04 12:25:40,986 - Query for key :['actedin'], sparql : select distinct (count(?e) as ?c) where { bind(<http://simGen/actor/actedin> as ?p1). ?e ?p1 ?v1.  } limit 100000
INFO 2023-09-04 12:25:41,076 - Query for key :['ismarriedto-inv'], sparql : select distinct (count(?e) as ?c) where { bind(<http://simGen/actor/ismarriedto-inv> as ?p1). ?e ?p1 ?v1.  } limit 100000
INFO 2023-09-04 12:25:41,084 - Query for key :['wasbornondate'], sparql : select distinct (count(?e) as ?c) where { bind(<http://simGen/actor/wasbornondate> as ?p1). ?e ?p1 ?v1.  } limit 100000
INFO 2023-09-04 12:25:41,123 - Query for key :['diedin'], sparql : select distinct (count(?e) as ?c) where { bind(<http://simGen/actor/diedin> as ?p1). ?e ?p1 ?v1.  } limit 100000
INFO 2023-09-04 12:25:41,136 - Query for key :['haschild'], sparql : select distinct (count(?e) as ?c) where { bind(<http://simGen/actor/haschild> as ?p1). ?e ?p1 ?v1.  } limit 100000
INFO 2023-09-04 12:25:41,145 - Query for key :['skos:preflabel'], sparql : select distinct (count(?e) as ?c) where { bind(<http://www.w3.org/2004/02/skos/core#preflabel> as ?p1). ?e ?p1 ?v1.  } limit 100000
INFO 2023-09-04 12:25:41,254 - Query for key :['influences'], sparql : select distinct (count(?e) as ?c) where { bind(<http://simGen/actor/influences> as ?p1). ?e ?p1 ?v1.  } limit 100000
INFO 2023-09-04 12:25:41,261 - Query for key :['haswonprize'], sparql : select distinct (count(?e) as ?c) where { bind(<http://simGen/actor/haswonprize> as ?p1). ?e ?p1 ?v1.  } limit 100000
INFO 2023-09-04 12:25:41,277 - Query for key :['diedonyear'], sparql : select distinct (count(?e) as ?c) where { bind(<http://simGen/actor/diedonyear> as ?p1). ?e ?p1 ?v1.  } limit 100000
INFO 2023-09-04 12:25:41,303 - Query for key :['diedondate'], sparql : select distinct (count(?e) as ?c) where { bind(<http://simGen/actor/diedondate> as ?p1). ?e ?p1 ?v1.  } limit 100000
INFO 2023-09-04 12:25:41,323 - valid key list : [['haschild', 'wasbornondate'], ['wasbornondate', 'ismarriedto-inv'], ['wasbornondate', 'directed'], ['diedondate', 'directed'], ['haschild', 'directed'], ['ismarriedto', 'influences'], ['wasbornondate', 'influences'], ['influences', 'ismarriedto-inv'], ['diedondate', 'skos:preflabel'], ['diedondate', 'influences'], ['diedondate', 'created'], ['haschild', 'ismarriedto-inv'], ['wasbornonyear', 'created', 'diedin'], ['diedondate', 'ismarriedto-inv'], ['directed', 'influences'], ['influences', 'skos:preflabel'], ['diedonyear', 'ismarriedto-inv'], ['ismarriedto-inv', 'skos:preflabel'], ['iscitizenof', 'ismarriedto'], ['wasbornondate', 'ismarriedto'], ['haschild', 'influences'], ['diedin', 'skos:preflabel'], ['created', 'skos:preflabel'], ['iscitizenof', 'diedonyear', 'actedin'], ['diedondate', 'haschild'], ['haschild', 'skos:preflabel'], ['iscitizenof', 'ismarriedto-inv'], ['iscitizenof', 'wasbornin', 'wasbornonyear'], ['directed'], ['ismarriedto'], ['created'], ['actedin'], ['ismarriedto-inv'], ['wasbornondate'], ['diedin'], ['haschild'], ['skos:preflabel'], ['influences'], ['haswonprize'], ['diedonyear'], ['diedondate']]
INFO 2023-09-04 12:25:41,323 - Unique key list find : ['haschild', 'wasbornondate', 'ismarriedto-inv', 'directed', 'diedondate', 'ismarriedto', 'influences', 'skos:preflabel', 'created', 'wasbornonyear', 'diedin', 'diedonyear', 'iscitizenof', 'actedin', 'wasbornin', 'haswonprize']
INFO 2023-09-04 12:25:53,796 - Start test loop
INFO 2023-09-04 12:25:53,796 - start : chow_yun-fat
INFO 2023-09-04 12:25:58,370 - start : michelle_yeoh
INFO 2023-09-04 12:26:20,287 - start : zhang_ziyi
INFO 2023-09-04 12:26:35,350 - start : chang_chen
INFO 2023-09-04 12:27:35,689 - start : denise_coffey
INFO 2023-09-04 12:28:33,464 - start : bruce_lee
INFO 2023-09-04 12:28:55,436 - start : jun_tazaki
INFO 2023-09-04 12:29:31,782 - start : tadao_takashima
INFO 2023-09-04 12:30:30,043 - start : akira_kubo
INFO 2023-09-04 12:31:28,610 - start : yukiko_kobayashi
INFO 2023-09-04 12:32:09,423 - start : satomi_kobayashi
INFO 2023-09-04 12:33:11,278 - start : akiji_kobayashi
INFO 2023-09-04 12:33:40,114 - start : kenpachiro_satsuma
INFO 2023-09-04 12:34:36,644 - start : anna_nakagawa
INFO 2023-09-04 12:35:03,589 - start : yoshiko_tanaka
INFO 2023-09-04 12:35:34,038 - start : masanobu_takashima
INFO 2023-09-04 12:36:30,054 - start : ken_tanaka_%28actor%29
INFO 2023-09-04 12:37:04,923 - start : yasuko_sawaguchi
INFO 2023-09-04 12:37:41,294 - start : diane_fletcher
INFO 2023-09-04 12:38:39,422 - start : jet_li
INFO 2023-09-04 12:38:43,688 - start : doreen_mantle
INFO 2023-09-04 12:39:19,867 - start : kelda_holmes
INFO 2023-09-04 12:39:56,165 - start : yuriko_ishida
INFO 2023-09-04 12:40:53,974 - start : kaoru_kobayashi_%28actor%29
INFO 2023-09-04 12:41:54,150 - start : mitsuko_mori
INFO 2023-09-04 12:42:30,069 - start : hisaya_morishige
INFO 2023-09-04 12:42:36,672 - start : joan_chen
INFO 2023-09-04 12:42:40,601 - start : charlton_heston
INFO 2023-09-04 12:43:00,850 - start : karen_meagher
